# JRE version: Java(TM) SE Runtime Environment (8.0_102-b14) (build 1.8.0_102-b14)
# Java VM: Java HotSpot(TM) 64-Bit Server VM (25.102-b14 mixed mode windows-amd64 compressed oops)
Heap:
 PSYoungGen      total 563200K, used 71713K [0x00000000d5580000, 0x0000000100000000, 0x0000000100000000)
  eden space 439296K, 0% used [0x00000000d5580000,0x00000000d5580000,0x00000000f0280000)
  from space 123904K, 57% used [0x00000000f7b80000,0x00000000fc188648,0x00000000ff480000)
  to   space 123904K, 0% used [0x00000000f0280000,0x00000000f0280000,0x00000000f7b80000)
 ParOldGen       total 609280K, used 561544K [0x0000000080000000, 0x00000000a5300000, 0x00000000d5580000)
  object space 609280K, 92% used [0x0000000080000000,0x00000000a24623f8,0x00000000a5300000)
 Metaspace       used 100788K, capacity 108870K, committed 111320K, reserved 1146880K
  class space    used 12861K, capacity 14077K, committed 14592K, reserved 1048576K
GC Heap History (10 events):
Event: 11618.157 GC heap after
Heap after GC invocations=78 (full 6):
 PSYoungGen      total 563712K, used 10496K [0x00000000d5580000, 0x00000000ffc00000, 0x0000000100000000)
  eden space 432128K, 0% used [0x00000000d5580000,0x00000000d5580000,0x00000000efb80000)
  from space 131584K, 7% used [0x00000000f7b80000,0x00000000f85c01a0,0x00000000ffc00000)
  to   space 131072K, 0% used [0x00000000efb80000,0x00000000efb80000,0x00000000f7b80000)
 ParOldGen       total 609280K, used 373686K [0x0000000080000000, 0x00000000a5300000, 0x00000000d5580000)
  object space 609280K, 61% used [0x0000000080000000,0x0000000096cedbc8,0x00000000a5300000)
 Metaspace       used 99897K, capacity 107918K, committed 111320K, reserved 1146880K
  class space    used 12786K, capacity 13971K, committed 14592K, reserved 1048576K
}
Event: 11624.277 GC heap before
{Heap before GC invocations=79 (full 6):
 PSYoungGen      total 563712K, used 442624K [0x00000000d5580000, 0x00000000ffc00000, 0x0000000100000000)
  eden space 432128K, 100% used [0x00000000d5580000,0x00000000efb80000,0x00000000efb80000)
  from space 131584K, 7% used [0x00000000f7b80000,0x00000000f85c01a0,0x00000000ffc00000)
  to   space 131072K, 0% used [0x00000000efb80000,0x00000000efb80000,0x00000000f7b80000)
 ParOldGen       total 609280K, used 373686K [0x0000000080000000, 0x00000000a5300000, 0x00000000d5580000)
  object space 609280K, 61% used [0x0000000080000000,0x0000000096cedbc8,0x00000000a5300000)
 Metaspace       used 100322K, capacity 108352K, committed 111320K, reserved 1146880K
  class space    used 12817K, capacity 14012K, committed 14592K, reserved 1048576K
Event: 11624.331 GC heap after
Heap after GC invocations=79 (full 6):
 PSYoungGen      total 563200K, used 64788K [0x00000000d5580000, 0x00000000ffb80000, 0x0000000100000000)
  eden space 432128K, 0% used [0x00000000d5580000,0x00000000d5580000,0x00000000efb80000)
  from space 131072K, 49% used [0x00000000efb80000,0x00000000f3ac5270,0x00000000f7b80000)
  to   space 129024K, 0% used [0x00000000f7d80000,0x00000000f7d80000,0x00000000ffb80000)
 ParOldGen       total 609280K, used 380983K [0x0000000080000000, 0x00000000a5300000, 0x00000000d5580000)
  object space 609280K, 62% used [0x0000000080000000,0x000000009740dd50,0x00000000a5300000)
 Metaspace       used 100322K, capacity 108352K, committed 111320K, reserved 1146880K
  class space    used 12817K, capacity 14012K, committed 14592K, reserved 1048576K
}
Event: 11631.561 GC heap before
{Heap before GC invocations=80 (full 6):
 PSYoungGen      total 563200K, used 496916K [0x00000000d5580000, 0x00000000ffb80000, 0x0000000100000000)
  eden space 432128K, 100% used [0x00000000d5580000,0x00000000efb80000,0x00000000efb80000)
  from space 131072K, 49% used [0x00000000efb80000,0x00000000f3ac5270,0x00000000f7b80000)
  to   space 129024K, 0% used [0x00000000f7d80000,0x00000000f7d80000,0x00000000ffb80000)
 ParOldGen       total 609280K, used 380983K [0x0000000080000000, 0x00000000a5300000, 0x00000000d5580000)
  object space 609280K, 62% used [0x0000000080000000,0x000000009740dd50,0x00000000a5300000)
 Metaspace       used 100781K, capacity 108806K, committed 111320K, reserved 1146880K
  class space    used 12861K, capacity 14077K, committed 14592K, reserved 1048576K
Event: 11631.656 GC heap after
Heap after GC invocations=80 (full 6):
 PSYoungGen      total 563712K, used 74969K [0x00000000d5580000, 0x0000000100000000, 0x0000000100000000)
  eden space 434688K, 0% used [0x00000000d5580000,0x00000000d5580000,0x00000000efe00000)
  from space 129024K, 58% used [0x00000000f7d80000,0x00000000fc6b6608,0x00000000ffb80000)
  to   space 130560K, 0% used [0x00000000efe00000,0x00000000efe00000,0x00000000f7d80000)
 ParOldGen       total 609280K, used 437527K [0x0000000080000000, 0x00000000a5300000, 0x00000000d5580000)
  object space 609280K, 71% used [0x0000000080000000,0x000000009ab45fa8,0x00000000a5300000)
 Metaspace       used 100781K, capacity 108806K, committed 111320K, reserved 1146880K
  class space    used 12861K, capacity 14077K, committed 14592K, reserved 1048576K
}
Event: 11635.174 GC heap before
{Heap before GC invocations=81 (full 6):
 PSYoungGen      total 563712K, used 509657K [0x00000000d5580000, 0x0000000100000000, 0x0000000100000000)
  eden space 434688K, 100% used [0x00000000d5580000,0x00000000efe00000,0x00000000efe00000)
  from space 129024K, 58% used [0x00000000f7d80000,0x00000000fc6b6608,0x00000000ffb80000)
  to   space 130560K, 0% used [0x00000000efe00000,0x00000000efe00000,0x00000000f7d80000)
 ParOldGen       total 609280K, used 437527K [0x0000000080000000, 0x00000000a5300000, 0x00000000d5580000)
  object space 609280K, 71% used [0x0000000080000000,0x000000009ab45fa8,0x00000000a5300000)
 Metaspace       used 100788K, capacity 108870K, committed 111320K, reserved 1146880K
  class space    used 12861K, capacity 14077K, committed 14592K, reserved 1048576K
Event: 11635.243 GC heap after
Heap after GC invocations=81 (full 6):
 PSYoungGen      total 490496K, used 55771K [0x00000000d5580000, 0x00000000ff480000, 0x0000000100000000)
  eden space 434688K, 0% used [0x00000000d5580000,0x00000000d5580000,0x00000000efe00000)
  from space 55808K, 99% used [0x00000000efe00000,0x00000000f3476ea0,0x00000000f3480000)
  to   space 123904K, 0% used [0x00000000f7b80000,0x00000000f7b80000,0x00000000ff480000)
 ParOldGen       total 609280K, used 507843K [0x0000000080000000, 0x00000000a5300000, 0x00000000d5580000)
  object space 609280K, 83% used [0x0000000080000000,0x000000009eff0fd0,0x00000000a5300000)
 Metaspace       used 100788K, capacity 108870K, committed 111320K, reserved 1146880K
  class space    used 12861K, capacity 14077K, committed 14592K, reserved 1048576K
}
Event: 11635.465 GC heap before
{Heap before GC invocations=82 (full 6):
 PSYoungGen      total 490496K, used 490459K [0x00000000d5580000, 0x00000000ff480000, 0x0000000100000000)
  eden space 434688K, 100% used [0x00000000d5580000,0x00000000efe00000,0x00000000efe00000)
  from space 55808K, 99% used [0x00000000efe00000,0x00000000f3476ea0,0x00000000f3480000)
  to   space 123904K, 0% used [0x00000000f7b80000,0x00000000f7b80000,0x00000000ff480000)
 ParOldGen       total 609280K, used 507843K [0x0000000080000000, 0x00000000a5300000, 0x00000000d5580000)
  object space 609280K, 83% used [0x0000000080000000,0x000000009eff0fd0,0x00000000a5300000)
 Metaspace       used 100788K, capacity 108870K, committed 111320K, reserved 1146880K
  class space    used 12861K, capacity 14077K, committed 14592K, reserved 1048576K
Event: 11635.522 GC heap after
Heap after GC invocations=82 (full 6):
 PSYoungGen      total 563200K, used 71713K [0x00000000d5580000, 0x0000000100000000, 0x0000000100000000)
  eden space 439296K, 0% used [0x00000000d5580000,0x00000000d5580000,0x00000000f0280000)
  from space 123904K, 57% used [0x00000000f7b80000,0x00000000fc188648,0x00000000ff480000)
  to   space 123904K, 0% used [0x00000000f0280000,0x00000000f0280000,0x00000000f7b80000)
 ParOldGen       total 609280K, used 561544K [0x0000000080000000, 0x00000000a5300000, 0x00000000d5580000)
  object space 609280K, 92% used [0x0000000080000000,0x00000000a24623f8,0x00000000a5300000)
 Metaspace       used 100788K, capacity 108870K, committed 111320K, reserved 1146880K
  class space    used 12861K, capacity 14077K, committed 14592K, reserved 1048576K
}
Event: 11635.522 GC heap before
{Heap before GC invocations=83 (full 7):
 PSYoungGen      total 563200K, used 71713K [0x00000000d5580000, 0x0000000100000000, 0x0000000100000000)
  eden space 439296K, 0% used [0x00000000d5580000,0x00000000d5580000,0x00000000f0280000)
  from space 123904K, 57% used [0x00000000f7b80000,0x00000000fc188648,0x00000000ff480000)
  to   space 123904K, 0% used [0x00000000f0280000,0x00000000f0280000,0x00000000f7b80000)
 ParOldGen       total 609280K, used 561544K [0x0000000080000000, 0x00000000a5300000, 0x00000000d5580000)
  object space 609280K, 92% used [0x0000000080000000,0x00000000a24623f8,0x00000000a5300000)
 Metaspace       used 100788K, capacity 108870K, committed 111320K, reserved 1146880K
  class space    used 12861K, capacity 14077K, committed 14592K, reserved 1048576K

